<?xml version="1.0" encoding="UTF-8"?>
<testsuites>
	<testsuite tests="1" errors="0" failures="0" time="0.006" timestamp="2014-05-23T00:04:55">
		<testcase classname="suite1" name="constructor - exists" time="0.005">
		</testcase>
	</testsuite>
</testsuites>

